<?xml version="1.0" encoding="UTF-8"?>
<testsuite name="com.mrd.bitlib.Bip39Test" tests="4" skipped="0" failures="0" errors="0" timestamp="2018-09-06T03:24:40" hostname="DESKTOP-DNCHF7U" time="0.355">
  <properties/>
  <testcase name="testEnglishVectors_WordListInvalid" classname="com.mrd.bitlib.Bip39Test" time="0.008"/>
  <testcase name="testEnglishVectorsRawToWords" classname="com.mrd.bitlib.Bip39Test" time="0.002"/>
  <testcase name="testEnglishVectorsWordsToSeeds" classname="com.mrd.bitlib.Bip39Test" time="0.342"/>
  <testcase name="testEnglishVectors_WordListChecksum" classname="com.mrd.bitlib.Bip39Test" time="0.002"/>
  <system-out><![CDATA[]]></system-out>
  <system-err><![CDATA[]]></system-err>
</testsuite>
