<?xml version="1.0" encoding="UTF-8"?>
<testsuite name="com.mrd.bitlib.crypto.HdKeyNodeTest" tests="4" skipped="0" failures="0" errors="0" timestamp="2018-09-06T03:25:00" hostname="DESKTOP-DNCHF7U" time="0.353">
  <properties/>
  <testcase name="createChildNodeIntTest" classname="com.mrd.bitlib.crypto.HdKeyNodeTest" time="0.024"/>
  <testcase name="failOnPrivChildFromXpubTest" classname="com.mrd.bitlib.crypto.HdKeyNodeTest" time="0.034"/>
  <testcase name="reproduceVectorsTest" classname="com.mrd.bitlib.crypto.HdKeyNodeTest" time="0.278"/>
  <testcase name="failOnHardenedChildOfXpubTest" classname="com.mrd.bitlib.crypto.HdKeyNodeTest" time="0.016"/>
  <system-out><![CDATA[]]></system-out>
  <system-err><![CDATA[]]></system-err>
</testsuite>
