<?xml version="1.0" encoding="UTF-8"?>
<testsuite name="com.mrd.bitlib.model.TransactionTest" tests="2" skipped="0" failures="0" errors="0" timestamp="2018-09-06T03:25:02" hostname="DESKTOP-DNCHF7U" time="0.004">
  <properties/>
  <testcase name="testIsRbf" classname="com.mrd.bitlib.model.TransactionTest" time="0.003"/>
  <testcase name="testOpReturn" classname="com.mrd.bitlib.model.TransactionTest" time="0.001"/>
  <system-out><![CDATA[]]></system-out>
  <system-err><![CDATA[]]></system-err>
</testsuite>
