<?xml version="1.0" encoding="UTF-8"?>
<testsuite name="com.mrd.bitlib.util.Sha512Test" tests="1" skipped="0" failures="0" errors="0" timestamp="2018-09-06T03:25:02" hostname="DESKTOP-DNCHF7U" time="0.0">
  <properties/>
  <testcase name="testVectorsTest" classname="com.mrd.bitlib.util.Sha512Test" time="0.0"/>
  <system-out><![CDATA[]]></system-out>
  <system-err><![CDATA[]]></system-err>
</testsuite>
