<?xml version="1.0" encoding="UTF-8"?>
<testsuite name="com.mrd.bitlib.model.ScriptTest" tests="3" skipped="0" failures="0" errors="0" timestamp="2018-09-06T03:25:02" hostname="DESKTOP-DNCHF7U" time="0.005">
  <properties/>
  <testcase name="parseSegWitTransactionTest" classname="com.mrd.bitlib.model.ScriptTest" time="0.005"/>
  <testcase name="parseTransactionTest" classname="com.mrd.bitlib.model.ScriptTest" time="0.0"/>
  <testcase name="chunkTest" classname="com.mrd.bitlib.model.ScriptTest" time="0.0"/>
  <system-out><![CDATA[]]></system-out>
  <system-err><![CDATA[]]></system-err>
</testsuite>
