<?xml version="1.0" encoding="UTF-8"?>
<testsuite name="com.mrd.bitlib.crypto.EcdhTest" tests="1" skipped="0" failures="0" errors="0" timestamp="2018-09-06T03:25:00" hostname="DESKTOP-DNCHF7U" time="0.022">
  <properties/>
  <testcase name="sharedSecretTest" classname="com.mrd.bitlib.crypto.EcdhTest" time="0.022"/>
  <system-out><![CDATA[]]></system-out>
  <system-err><![CDATA[]]></system-err>
</testsuite>
