<?xml version="1.0" encoding="UTF-8"?>
<testsuite name="com.mrd.bitlib.crypto.Gf256Test" tests="3" skipped="0" failures="0" errors="0" timestamp="2018-09-06T03:25:00" hostname="DESKTOP-DNCHF7U" time="0.027">
  <properties/>
  <testcase name="exhaustiveTestLongSecret" classname="com.mrd.bitlib.crypto.Gf256Test" time="0.024"/>
  <testcase name="exhaustiveTestShortSecret" classname="com.mrd.bitlib.crypto.Gf256Test" time="0.001"/>
  <testcase name="exhaustiveTestEmptySecret" classname="com.mrd.bitlib.crypto.Gf256Test" time="0.001"/>
  <system-out><![CDATA[]]></system-out>
  <system-err><![CDATA[]]></system-err>
</testsuite>
