<?xml version="1.0" encoding="UTF-8"?>
<testsuite name="se.grunka.fortuna.CounterTest" tests="9" skipped="0" failures="0" errors="0" timestamp="2018-09-06T03:25:02" hostname="DESKTOP-DNCHF7U" time="0.001">
  <properties/>
  <testcase name="shouldRollOverBackToZero" classname="se.grunka.fortuna.CounterTest" time="0.0"/>
  <testcase name="shouldRollOverIntoNextByte" classname="se.grunka.fortuna.CounterTest" time="0.0"/>
  <testcase name="shouldIncrementOneStep" classname="se.grunka.fortuna.CounterTest" time="0.0"/>
  <testcase name="shouldBeZero" classname="se.grunka.fortuna.CounterTest" time="0.0"/>
  <testcase name="shouldRollOverIntoThirdByte" classname="se.grunka.fortuna.CounterTest" time="0.001"/>
  <testcase name="shouldFailForTooFewBits" classname="se.grunka.fortuna.CounterTest" time="0.0"/>
  <testcase name="shouldFailForInvalidNumberOfBits" classname="se.grunka.fortuna.CounterTest" time="0.0"/>
  <testcase name="shouldRollOverIntoNextByteAgain" classname="se.grunka.fortuna.CounterTest" time="0.0"/>
  <testcase name="shouldFillFirstByteWithOnes" classname="se.grunka.fortuna.CounterTest" time="0.0"/>
  <system-out><![CDATA[]]></system-out>
  <system-err><![CDATA[]]></system-err>
</testsuite>
