<?xml version="1.0" encoding="UTF-8"?>
<testsuite name="se.grunka.fortuna.PoolTest" tests="7" skipped="0" failures="0" errors="0" timestamp="2018-09-06T03:25:07" hostname="DESKTOP-DNCHF7U" time="0.0">
  <properties/>
  <testcase name="shouldClearPoolAfterGetting" classname="se.grunka.fortuna.PoolTest" time="0.0"/>
  <testcase name="shouldGet32BytesOfSeedData" classname="se.grunka.fortuna.PoolTest" time="0.0"/>
  <testcase name="shouldCalculateSizeOfPool" classname="se.grunka.fortuna.PoolTest" time="0.0"/>
  <testcase name="shouldFailIfSourceIsGreaterThan255" classname="se.grunka.fortuna.PoolTest" time="0.0"/>
  <testcase name="shouldFailIfEventLengthIsGreaterThan32" classname="se.grunka.fortuna.PoolTest" time="0.0"/>
  <testcase name="shouldFailIfSourceIsLessThanZero" classname="se.grunka.fortuna.PoolTest" time="0.0"/>
  <testcase name="shouldFailIfEventIsEmpty" classname="se.grunka.fortuna.PoolTest" time="0.0"/>
  <system-out><![CDATA[]]></system-out>
  <system-err><![CDATA[]]></system-err>
</testsuite>
