<?xml version="1.0" encoding="UTF-8"?>
<testsuite name="com.mrd.bitlib.crypto.DeterministicSignatureValueTest" tests="1" skipped="0" failures="0" errors="0" timestamp="2018-09-06T03:25:00" hostname="DESKTOP-DNCHF7U" time="0.131">
  <properties/>
  <testcase name="checkDeterministicSig" classname="com.mrd.bitlib.crypto.DeterministicSignatureValueTest" time="0.131"/>
  <system-out><![CDATA[]]></system-out>
  <system-err><![CDATA[]]></system-err>
</testsuite>
