<?xml version="1.0" encoding="UTF-8"?>
<testsuite name="se.grunka.fortuna.entropy.GarbageCollectorEntropySourceTest" tests="1" skipped="0" failures="0" errors="0" timestamp="2018-09-06T03:25:02" hostname="DESKTOP-DNCHF7U" time="0.01">
  <properties/>
  <testcase name="shouldGetGarbageCollectionData" classname="se.grunka.fortuna.entropy.GarbageCollectorEntropySourceTest" time="0.01"/>
  <system-out><![CDATA[]]></system-out>
  <system-err><![CDATA[]]></system-err>
</testsuite>
